
2025-07-31 05:48:13 log :: Starting importer...
2025-07-31 05:48:18 log :: Record ID rec0OhFyghfsbDnJU
2025-07-31 05:48:18 log :: - Create record rec0OhFyghfsbDnJU
2025-07-31 05:48:18 log :: Record ID rec0P8rpy24HPqcvW
2025-07-31 05:48:18 log :: - Create record rec0P8rpy24HPqcvW
2025-07-31 05:48:18 log :: Record ID rec12ELwptY1e3gCb
2025-07-31 05:48:18 log :: - Create record rec12ELwptY1e3gCb
2025-07-31 05:48:19 log :: Record ID rec2mSswmkXo2wo3J
2025-07-31 05:48:19 log :: - Create record rec2mSswmkXo2wo3J
2025-07-31 05:48:19 log :: Record ID rec3FYSkC9zxHXEi2
2025-07-31 05:48:19 log :: - Create record rec3FYSkC9zxHXEi2
2025-07-31 05:48:19 log :: Record ID rec3XEcIyegV62Tks
2025-07-31 05:48:19 log :: - Create record rec3XEcIyegV62Tks
2025-07-31 05:48:19 log :: Record ID rec3oConU7KNwpBEv
2025-07-31 05:48:19 log :: - Create record rec3oConU7KNwpBEv
2025-07-31 05:48:20 log :: Record ID rec4cf4zuac9OoO3L
2025-07-31 05:48:20 log :: - Create record rec4cf4zuac9OoO3L
2025-07-31 05:48:20 log :: Record ID rec59ne6rbSfNVHFY
2025-07-31 05:48:20 log :: - Create record rec59ne6rbSfNVHFY
2025-07-31 05:48:20 log :: Record ID rec5jSeRcaJkNRi4W
2025-07-31 05:48:20 log :: - Create record rec5jSeRcaJkNRi4W
2025-07-31 05:48:20 log :: Record ID rec6b3jSb6R2YAdL1
2025-07-31 05:48:20 log :: - Create record rec6b3jSb6R2YAdL1
2025-07-31 05:48:21 log :: Record ID rec6jL77wwddHZcPT
2025-07-31 05:48:21 log :: - Create record rec6jL77wwddHZcPT
2025-07-31 05:48:21 log :: Record ID rec6mX2w5ADZBQLyC
2025-07-31 05:48:21 log :: - Create record rec6mX2w5ADZBQLyC
2025-07-31 05:48:21 log :: Record ID rec6ocBLPfhf3YbRJ
2025-07-31 05:48:21 log :: - Create record rec6ocBLPfhf3YbRJ
2025-07-31 05:48:21 log :: Record ID rec7ACV5wTlDAAaSZ
2025-07-31 05:48:21 log :: - Create record rec7ACV5wTlDAAaSZ
2025-07-31 05:48:22 log :: Record ID rec7nVhvSdAvClXqu
2025-07-31 05:48:22 log :: - Create record rec7nVhvSdAvClXqu
2025-07-31 05:48:22 log :: Record ID rec84QxZGxnQvB4iG
2025-07-31 05:48:22 log :: - Create record rec84QxZGxnQvB4iG
2025-07-31 05:48:22 log :: Record ID rec8flTLK0oZI9v7k
2025-07-31 05:48:22 log :: - Create record rec8flTLK0oZI9v7k
2025-07-31 05:48:22 log :: Record ID recA2XHgltxkqdh4z
2025-07-31 05:48:22 log :: - Create record recA2XHgltxkqdh4z
2025-07-31 05:48:22 log :: Record ID recAqUdQhhyn7HyPZ
2025-07-31 05:48:22 log :: - Create record recAqUdQhhyn7HyPZ
2025-07-31 05:48:23 log :: Record ID recC19vLTQu24pRdg
2025-07-31 05:48:23 log :: - Create record recC19vLTQu24pRdg
2025-07-31 05:48:23 log :: Record ID recEI9dFIlPkt7SYn
2025-07-31 05:48:23 log :: - Create record recEI9dFIlPkt7SYn
2025-07-31 05:48:23 log :: Record ID recEeTCsQ2qpezXR1
2025-07-31 05:48:23 log :: - Create record recEeTCsQ2qpezXR1
2025-07-31 05:48:23 log :: Record ID recF4sDJAMqTOdF0u
2025-07-31 05:48:23 log :: - Create record recF4sDJAMqTOdF0u
2025-07-31 05:48:24 log :: Record ID recGEo36BQfXos608
2025-07-31 05:48:24 log :: - Create record recGEo36BQfXos608
2025-07-31 05:48:24 log :: Record ID recGLESQlRS6WxYwI
2025-07-31 05:48:24 log :: - Create record recGLESQlRS6WxYwI
2025-07-31 05:48:24 log :: Record ID recGPONJVAZfnFM8Q
2025-07-31 05:48:24 log :: - Create record recGPONJVAZfnFM8Q
2025-07-31 05:48:24 log :: Record ID recGXnHwAVQuGwj2y
2025-07-31 05:48:24 log :: - Create record recGXnHwAVQuGwj2y
2025-07-31 05:48:25 log :: Record ID recGzYun6ezpl3NE5
2025-07-31 05:48:25 log :: - Create record recGzYun6ezpl3NE5
2025-07-31 05:48:25 log :: Record ID recHJApmKokWvXdxY
2025-07-31 05:48:25 log :: - Create record recHJApmKokWvXdxY
2025-07-31 05:48:25 log :: Record ID recHLXsz7Q30IdxJJ
2025-07-31 05:48:25 log :: - Create record recHLXsz7Q30IdxJJ
2025-07-31 05:48:26 log :: Record ID recHflQHrlCU0SjfC
2025-07-31 05:48:26 log :: - Create record recHflQHrlCU0SjfC
2025-07-31 05:48:26 log :: Record ID recHp18uF17LSMVvg
2025-07-31 05:48:26 log :: - Create record recHp18uF17LSMVvg
2025-07-31 05:48:26 log :: Record ID recIV5U0g1FqYQdYa
2025-07-31 05:48:26 log :: - Create record recIV5U0g1FqYQdYa
2025-07-31 05:48:26 log :: Record ID recJU05D5kC7cGxGQ
2025-07-31 05:48:26 log :: - Create record recJU05D5kC7cGxGQ
2025-07-31 05:48:27 log :: Record ID recLCltKnS2cHLDYB
2025-07-31 05:48:27 log :: - Create record recLCltKnS2cHLDYB
2025-07-31 05:48:27 log :: Record ID recLJNB8S0osEAVnd
2025-07-31 05:48:27 log :: - Create record recLJNB8S0osEAVnd
2025-07-31 05:48:27 log :: Record ID recLRQp8UEGxvco27
2025-07-31 05:48:27 log :: - Create record recLRQp8UEGxvco27
2025-07-31 05:48:27 log :: Record ID recLYf4w3VWRZO91t
2025-07-31 05:48:27 log :: - Create record recLYf4w3VWRZO91t
2025-07-31 05:48:27 log :: Record ID recMiYoq2xJx4T2Gl
2025-07-31 05:48:27 log :: - Create record recMiYoq2xJx4T2Gl
2025-07-31 05:48:28 log :: Record ID recN4FbKiltfLrXOz
2025-07-31 05:48:28 log :: - Create record recN4FbKiltfLrXOz
2025-07-31 05:48:28 log :: Record ID recNkBBYb8QUWRdo2
2025-07-31 05:48:28 log :: - Create record recNkBBYb8QUWRdo2
2025-07-31 05:48:28 log :: Record ID recOYFPbAJjxIom9j
2025-07-31 05:48:28 log :: - Create record recOYFPbAJjxIom9j
2025-07-31 05:48:28 log :: Record ID recQHXNI0XyePCrp9
2025-07-31 05:48:28 log :: - Create record recQHXNI0XyePCrp9
2025-07-31 05:48:28 log :: Record ID recQZWf54obJYwb5R
2025-07-31 05:48:28 log :: - Create record recQZWf54obJYwb5R
2025-07-31 05:48:29 log :: Record ID recRbcY1k36cEnjYn
2025-07-31 05:48:29 log :: - Create record recRbcY1k36cEnjYn
2025-07-31 05:48:29 log :: Record ID recRzCsEznSzb0iqz
2025-07-31 05:48:29 log :: - Create record recRzCsEznSzb0iqz
2025-07-31 05:48:29 log :: Record ID recTnMtmI35OrPjxe
2025-07-31 05:48:29 log :: - Create record recTnMtmI35OrPjxe
2025-07-31 05:48:29 log :: Record ID recVVtt2qnr3NFr7Z
2025-07-31 05:48:29 log :: - Create record recVVtt2qnr3NFr7Z
2025-07-31 05:48:30 log :: Record ID recVjPk2mcKc7SQfU
2025-07-31 05:48:30 log :: - Create record recVjPk2mcKc7SQfU
2025-07-31 05:48:30 log :: Record ID recWozW1FLYqpKiGC
2025-07-31 05:48:30 log :: - Create record recWozW1FLYqpKiGC
2025-07-31 05:48:30 log :: Record ID recXgYTiABIWBRSOK
2025-07-31 05:48:30 log :: - Create record recXgYTiABIWBRSOK
2025-07-31 05:48:30 log :: Record ID recYUj3EsUnz4qAMI
2025-07-31 05:48:30 log :: - Create record recYUj3EsUnz4qAMI
2025-07-31 05:48:30 log :: Record ID recYXGzHIO9NvAYMt
2025-07-31 05:48:30 log :: - Create record recYXGzHIO9NvAYMt
2025-07-31 05:48:31 log :: Record ID recYlewULFdLmcvjJ
2025-07-31 05:48:31 log :: - Create record recYlewULFdLmcvjJ
2025-07-31 05:48:31 log :: Record ID recYodKIv9JcvDDY7
2025-07-31 05:48:31 log :: - Create record recYodKIv9JcvDDY7
2025-07-31 05:48:31 log :: Record ID recZGqKLB1E3lA1se
2025-07-31 05:48:31 log :: - Create record recZGqKLB1E3lA1se
2025-07-31 05:48:31 log :: Record ID recZqm5DyWYIVkMB5
2025-07-31 05:48:31 log :: - Create record recZqm5DyWYIVkMB5
2025-07-31 05:48:31 log :: Record ID recaBAnn3xYo8EMwf
2025-07-31 05:48:31 log :: - Create record recaBAnn3xYo8EMwf
2025-07-31 05:48:31 log :: Record ID recaDTUcWT4LKUq1c
2025-07-31 05:48:31 log :: - Create record recaDTUcWT4LKUq1c
2025-07-31 05:48:32 log :: Record ID recbpr17IWkIanQc5
2025-07-31 05:48:32 log :: - Create record recbpr17IWkIanQc5
2025-07-31 05:48:32 log :: Record ID recdVi7W5Si3eB4Wp
2025-07-31 05:48:32 log :: - Create record recdVi7W5Si3eB4Wp
2025-07-31 05:48:32 log :: Record ID rece3mTcp4xZsGifj
2025-07-31 05:48:32 log :: - Create record rece3mTcp4xZsGifj
2025-07-31 05:48:32 log :: Record ID rece4DwgUf04vZGSH
2025-07-31 05:48:32 log :: - Create record rece4DwgUf04vZGSH
2025-07-31 05:48:32 log :: Record ID recfcCfUB757Kd4e4
2025-07-31 05:48:32 log :: - Create record recfcCfUB757Kd4e4
2025-07-31 05:48:33 log :: Record ID recfrbWcvI8fjA7Nh
2025-07-31 05:48:33 log :: - Create record recfrbWcvI8fjA7Nh
2025-07-31 05:48:33 log :: Record ID recgHsHXF6qR82Cg7
2025-07-31 05:48:33 log :: - Create record recgHsHXF6qR82Cg7
2025-07-31 05:48:33 log :: Record ID reciHpcNobZuAIHAQ
2025-07-31 05:48:33 log :: - Create record reciHpcNobZuAIHAQ
2025-07-31 05:48:33 log :: Record ID reciha5UrLTjLpb8J
2025-07-31 05:48:33 log :: - Create record reciha5UrLTjLpb8J
2025-07-31 05:48:34 log :: Record ID reciihSLn45tQdJM7
2025-07-31 05:48:34 log :: - Create record reciihSLn45tQdJM7
2025-07-31 05:48:34 log :: Record ID reciwPCoQjSw0YA7q
2025-07-31 05:48:34 log :: - Create record reciwPCoQjSw0YA7q
2025-07-31 05:48:34 log :: Record ID recm27x9PPKdlIbhJ
2025-07-31 05:48:34 log :: - Create record recm27x9PPKdlIbhJ
2025-07-31 05:48:34 log :: Record ID recm3Nf2WZFypgLc9
2025-07-31 05:48:34 log :: - Create record recm3Nf2WZFypgLc9
2025-07-31 05:48:34 log :: Record ID recm8tX4WTou52SXf
2025-07-31 05:48:34 log :: - Create record recm8tX4WTou52SXf
2025-07-31 05:48:35 log :: Record ID recnCMPEiwnfWwp2F
2025-07-31 05:48:35 log :: - Create record recnCMPEiwnfWwp2F
2025-07-31 05:48:35 log :: Record ID recp26SEja809U7Xc
2025-07-31 05:48:35 log :: - Create record recp26SEja809U7Xc
2025-07-31 05:48:35 log :: Record ID recprS6zHfxgC5bDe
2025-07-31 05:48:35 log :: - Create record recprS6zHfxgC5bDe
2025-07-31 05:48:35 log :: Record ID recq3dwhnU2NAJ1oY
2025-07-31 05:48:35 log :: - Create record recq3dwhnU2NAJ1oY
2025-07-31 05:48:35 log :: Record ID recq4x6kTmaFVtpu4
2025-07-31 05:48:35 log :: - Create record recq4x6kTmaFVtpu4
2025-07-31 05:48:36 log :: Record ID recr8YFw0eFkcT6E4
2025-07-31 05:48:36 log :: - Create record recr8YFw0eFkcT6E4
2025-07-31 05:48:36 log :: Record ID recrEEV4GsMqcwnJA
2025-07-31 05:48:36 log :: - Create record recrEEV4GsMqcwnJA
2025-07-31 05:48:36 log :: Record ID recrV8YfBHjEVkBw7
2025-07-31 05:48:36 log :: - Create record recrV8YfBHjEVkBw7
2025-07-31 05:48:36 log :: Record ID recrsEzHJnMZ8sqhJ
2025-07-31 05:48:36 log :: - Create record recrsEzHJnMZ8sqhJ
2025-07-31 05:48:36 log :: Record ID rectGIYCZMjchd8gU
2025-07-31 05:48:36 log :: - Create record rectGIYCZMjchd8gU
2025-07-31 05:48:37 log :: Record ID recuA7gzyUuaezUgN
2025-07-31 05:48:37 log :: - Create record recuA7gzyUuaezUgN
2025-07-31 05:48:37 log :: Record ID recv9y5TcY7Lz183Y
2025-07-31 05:48:37 log :: - Create record recv9y5TcY7Lz183Y
2025-07-31 05:48:37 log :: Record ID recxeuGH0SxFfpaZB
2025-07-31 05:48:37 log :: - Create record recxeuGH0SxFfpaZB
2025-07-31 05:48:37 log :: Record ID recynTW5qmXTLcGRT
2025-07-31 05:48:37 log :: - Create record recynTW5qmXTLcGRT
2025-07-31 05:48:37 log :: Record ID recz0Vvi3Tes6LILF
2025-07-31 05:48:37 log :: - Create record recz0Vvi3Tes6LILF
2025-07-31 05:48:38 log :: Record ID reczhi74MKw4OgvJm
2025-07-31 05:48:38 log :: - Create record reczhi74MKw4OgvJm