
2025-07-31 03:41:33 log :: Starting importer...
2025-07-31 03:41:46 log :: Record ID rec01U7GUxDs9GhPS
2025-07-31 03:41:46 log :: - Create record rec01U7GUxDs9GhPS
2025-07-31 03:41:46 log :: Record ID rec0CHfVUUG1QoPAR
2025-07-31 03:41:46 log :: - Create record rec0CHfVUUG1QoPAR
2025-07-31 03:41:46 log :: Record ID rec0HrUn1WqQPwosH
2025-07-31 03:41:46 log :: - Create record rec0HrUn1WqQPwosH
2025-07-31 03:41:46 log :: Record ID rec0IHSM5luaQC8Ew
2025-07-31 03:41:46 log :: - Create record rec0IHSM5luaQC8Ew
2025-07-31 03:41:46 log :: Record ID rec0Ul0hz2nRanhlE
2025-07-31 03:41:46 log :: - Create record rec0Ul0hz2nRanhlE
2025-07-31 03:41:47 log :: Record ID rec0WxCmOANQz3Bb0
2025-07-31 03:41:47 log :: - Create record rec0WxCmOANQz3Bb0
2025-07-31 03:41:47 log :: Record ID rec0Z8Y4RBT3qkPot
2025-07-31 03:41:47 log :: - Create record rec0Z8Y4RBT3qkPot
2025-07-31 03:41:47 log :: Record ID rec0dC9Lwn4FBv0Kp
2025-07-31 03:41:47 log :: - Create record rec0dC9Lwn4FBv0Kp
2025-07-31 03:41:47 log :: Record ID rec0r2yQnthZCzvhQ
2025-07-31 03:41:47 log :: - Create record rec0r2yQnthZCzvhQ
2025-07-31 03:41:47 log :: Record ID rec15exfU8WKeFavw
2025-07-31 03:41:47 log :: - Create record rec15exfU8WKeFavw
2025-07-31 03:41:47 log :: Record ID rec16K12MKwlc4aHp
2025-07-31 03:41:47 log :: - Create record rec16K12MKwlc4aHp
2025-07-31 03:41:47 log :: Record ID rec1GPhWmmA1AhRR3
2025-07-31 03:41:47 log :: - Create record rec1GPhWmmA1AhRR3
2025-07-31 03:41:47 log :: Record ID rec1SbsiMQBZfVMvY
2025-07-31 03:41:47 log :: - Create record rec1SbsiMQBZfVMvY
2025-07-31 03:41:47 log :: Record ID rec1jMWyUNmF1ezHl
2025-07-31 03:41:47 log :: - Create record rec1jMWyUNmF1ezHl
2025-07-31 03:41:47 log :: Record ID rec1lM0CPP89QByjc
2025-07-31 03:41:47 log :: - Create record rec1lM0CPP89QByjc
2025-07-31 03:41:47 log :: Record ID rec26co1qBoQlmV4k
2025-07-31 03:41:47 log :: - Create record rec26co1qBoQlmV4k
2025-07-31 03:41:47 log :: Record ID rec2HMQB64IOZ2rIQ
2025-07-31 03:41:47 log :: - Create record rec2HMQB64IOZ2rIQ
2025-07-31 03:41:47 log :: Record ID rec2YMZCPXu6UMKXr
2025-07-31 03:41:47 log :: - Create record rec2YMZCPXu6UMKXr
2025-07-31 03:41:47 log :: Record ID rec3CaGfnesPo2yBU
2025-07-31 03:41:47 log :: - Create record rec3CaGfnesPo2yBU
2025-07-31 03:41:47 log :: Record ID rec3RrZvFcpBknEUk
2025-07-31 03:41:48 log :: - Create record rec3RrZvFcpBknEUk
2025-07-31 03:41:48 log :: Record ID rec3UlkHH5Tcwdly3
2025-07-31 03:41:48 log :: - Create record rec3UlkHH5Tcwdly3
2025-07-31 03:41:48 log :: Record ID rec3dAjAAXexECVbK
2025-07-31 03:41:48 log :: - Create record rec3dAjAAXexECVbK
2025-07-31 03:41:48 log :: Record ID rec3deQXaEjfz1or7
2025-07-31 03:41:48 log :: - Create record rec3deQXaEjfz1or7
2025-07-31 03:41:48 log :: Record ID rec3hrsjMkZNy4YHZ
2025-07-31 03:41:48 log :: - Create record rec3hrsjMkZNy4YHZ
2025-07-31 03:41:48 log :: Record ID rec41FrLDwVnLgD6e
2025-07-31 03:41:48 log :: - Create record rec41FrLDwVnLgD6e
2025-07-31 03:41:48 log :: Record ID rec498ERZvBgWXtdn
2025-07-31 03:41:48 log :: - Create record rec498ERZvBgWXtdn
2025-07-31 03:41:48 log :: Record ID rec4APj7WgFgHuNX3
2025-07-31 03:41:48 log :: - Create record rec4APj7WgFgHuNX3
2025-07-31 03:41:48 log :: Record ID rec4WVjsol5RRcg8O
2025-07-31 03:41:48 log :: - Create record rec4WVjsol5RRcg8O
2025-07-31 03:41:48 log :: Record ID rec4Xdp9weMtyTJni
2025-07-31 03:41:48 log :: - Create record rec4Xdp9weMtyTJni
2025-07-31 03:41:48 log :: Record ID rec4if4zy69sshZkx
2025-07-31 03:41:48 log :: - Create record rec4if4zy69sshZkx
2025-07-31 03:41:48 log :: Record ID rec4kwuHZJ7IAu4wC
2025-07-31 03:41:48 log :: - Create record rec4kwuHZJ7IAu4wC
2025-07-31 03:41:48 log :: Record ID rec4tgOlsB6yIYUgC
2025-07-31 03:41:48 log :: - Create record rec4tgOlsB6yIYUgC
2025-07-31 03:41:49 log :: Record ID rec4wbtDxX8H6DXkf
2025-07-31 03:41:49 log :: - Create record rec4wbtDxX8H6DXkf
2025-07-31 03:41:49 log :: Record ID rec56LnnUsIORI7IJ
2025-07-31 03:41:49 log :: - Create record rec56LnnUsIORI7IJ
2025-07-31 03:41:49 log :: Record ID rec5AVRbI1Izan42Y
2025-07-31 03:41:49 log :: - Create record rec5AVRbI1Izan42Y
2025-07-31 03:41:49 log :: Record ID rec5Kk6xYpW0okrmg
2025-07-31 03:41:49 log :: - Create record rec5Kk6xYpW0okrmg
2025-07-31 03:41:49 log :: Record ID rec5WN9nCyZpDJMNb
2025-07-31 03:41:49 log :: - Create record rec5WN9nCyZpDJMNb
2025-07-31 03:41:49 log :: Record ID rec5dQS2J6MHyclDb
2025-07-31 03:41:49 log :: - Create record rec5dQS2J6MHyclDb
2025-07-31 03:41:49 log :: Record ID rec5pI4w271dSbE3d
2025-07-31 03:41:49 log :: - Create record rec5pI4w271dSbE3d
2025-07-31 03:41:49 log :: Record ID rec5rgXX2TEx7eT99
2025-07-31 03:41:49 log :: - Create record rec5rgXX2TEx7eT99
2025-07-31 03:41:49 log :: Record ID rec6AaR7ZzgQrFy5x
2025-07-31 03:41:49 log :: - Create record rec6AaR7ZzgQrFy5x
2025-07-31 03:41:49 log :: Record ID rec6E7Fqh5smJDiKx
2025-07-31 03:41:49 log :: - Create record rec6E7Fqh5smJDiKx
2025-07-31 03:41:49 log :: Record ID rec6MyluOVMx0wgeb
2025-07-31 03:41:49 log :: - Create record rec6MyluOVMx0wgeb
2025-07-31 03:41:49 log :: Record ID rec6dApWU0wgkNaQ1
2025-07-31 03:41:49 log :: - Create record rec6dApWU0wgkNaQ1
2025-07-31 03:41:50 log :: Record ID rec6q3h1fhMCOQEgc
2025-07-31 03:41:50 log :: - Create record rec6q3h1fhMCOQEgc
2025-07-31 03:41:50 log :: Record ID rec6sZOXrzZf2UBlS
2025-07-31 03:41:50 log :: - Create record rec6sZOXrzZf2UBlS
2025-07-31 03:41:50 log :: Record ID rec6xFRPc2ijF35z6
2025-07-31 03:41:50 log :: - Create record rec6xFRPc2ijF35z6
2025-07-31 03:41:50 log :: Record ID rec6yuI6PNcP4sVyd
2025-07-31 03:41:50 log :: - Create record rec6yuI6PNcP4sVyd
2025-07-31 03:41:50 log :: Record ID rec7DuOk3NhPyZB9D
2025-07-31 03:41:50 log :: - Create record rec7DuOk3NhPyZB9D
2025-07-31 03:41:50 log :: Record ID rec7LppIS4ESlTelA
2025-07-31 03:41:50 log :: - Create record rec7LppIS4ESlTelA
2025-07-31 03:41:50 log :: Record ID rec7UGaUN0L2M89LZ
2025-07-31 03:41:50 log :: - Create record rec7UGaUN0L2M89LZ
2025-07-31 03:41:50 log :: Record ID rec7hYW5diT9Ubl8h
2025-07-31 03:41:50 log :: - Create record rec7hYW5diT9Ubl8h
2025-07-31 03:41:50 log :: Record ID rec7kYUpeKKqfT1tu
2025-07-31 03:41:50 log :: - Create record rec7kYUpeKKqfT1tu
2025-07-31 03:41:50 log :: Record ID rec7wNjGvwqCJDqpf
2025-07-31 03:41:50 log :: - Create record rec7wNjGvwqCJDqpf
2025-07-31 03:41:50 log :: Record ID rec82uBwOa3Pgbius
2025-07-31 03:41:50 log :: - Create record rec82uBwOa3Pgbius
2025-07-31 03:41:50 log :: Record ID rec87LjWjGB6XvtoU
2025-07-31 03:41:50 log :: - Create record rec87LjWjGB6XvtoU
2025-07-31 03:41:50 log :: Record ID rec8K5INK1jSrJfxr
2025-07-31 03:41:50 log :: - Create record rec8K5INK1jSrJfxr
2025-07-31 03:41:50 log :: Record ID rec8KZPUr3SRUqwBO
2025-07-31 03:41:50 log :: - Create record rec8KZPUr3SRUqwBO
2025-07-31 03:41:51 log :: Record ID rec8gearF409XqoqZ
2025-07-31 03:41:51 log :: - Create record rec8gearF409XqoqZ
2025-07-31 03:41:51 log :: Record ID rec8kZK6gVCg3Ho93
2025-07-31 03:41:51 log :: - Create record rec8kZK6gVCg3Ho93
2025-07-31 03:41:51 log :: Record ID rec8qZpRaxrVRl15L
2025-07-31 03:41:51 log :: - Create record rec8qZpRaxrVRl15L
2025-07-31 03:41:51 log :: Record ID rec99azocqHZHbc8E
2025-07-31 03:41:51 log :: - Create record rec99azocqHZHbc8E
2025-07-31 03:41:51 log :: Record ID rec9Av2q3Ysj5cPjx
2025-07-31 03:41:51 log :: - Create record rec9Av2q3Ysj5cPjx
2025-07-31 03:41:51 log :: Record ID rec9F6WEcpVcZE5Ba
2025-07-31 03:41:51 log :: - Create record rec9F6WEcpVcZE5Ba
2025-07-31 03:41:51 log :: Record ID rec9F8qc0AWPNftSt
2025-07-31 03:41:51 log :: - Create record rec9F8qc0AWPNftSt
2025-07-31 03:41:51 log :: Record ID rec9PCgigBW2GtSXX
2025-07-31 03:41:51 log :: - Create record rec9PCgigBW2GtSXX
2025-07-31 03:41:51 log :: Record ID rec9QpTb0FeO83zYs
2025-07-31 03:41:51 log :: - Create record rec9QpTb0FeO83zYs
2025-07-31 03:41:52 log :: Record ID rec9tawGIXBhv9Qpe
2025-07-31 03:41:52 log :: - Create record rec9tawGIXBhv9Qpe
2025-07-31 03:41:52 log :: Record ID recA5m5An2dPqGFZ1
2025-07-31 03:41:52 log :: - Create record recA5m5An2dPqGFZ1
2025-07-31 03:41:52 log :: Record ID recA7WgVYDAcKJjpt
2025-07-31 03:41:52 log :: - Create record recA7WgVYDAcKJjpt
2025-07-31 03:41:52 log :: Record ID recA8OM8kn24ILy00
2025-07-31 03:41:52 log :: - Create record recA8OM8kn24ILy00
2025-07-31 03:41:52 log :: Record ID recANC8K9cRaVMcVQ
2025-07-31 03:41:52 log :: - Create record recANC8K9cRaVMcVQ
2025-07-31 03:41:52 log :: Record ID recAW6xhNZxPBuq1S
2025-07-31 03:41:52 log :: - Create record recAW6xhNZxPBuq1S
2025-07-31 03:41:52 log :: Record ID recAbl6wWLtdSwGxF
2025-07-31 03:41:52 log :: - Create record recAbl6wWLtdSwGxF
2025-07-31 03:41:52 log :: Record ID recAfis2U7kfaTHnT
2025-07-31 03:41:52 log :: - Create record recAfis2U7kfaTHnT
2025-07-31 03:41:52 log :: Record ID recAk6RbpWS7NMujp
2025-07-31 03:41:52 log :: - Create record recAk6RbpWS7NMujp
2025-07-31 03:41:52 log :: Record ID recAnPHLaumJv6Sir
2025-07-31 03:41:52 log :: - Create record recAnPHLaumJv6Sir
2025-07-31 03:41:52 log :: Record ID recArfUPGumkWx2T0
2025-07-31 03:41:52 log :: - Create record recArfUPGumkWx2T0
2025-07-31 03:41:52 log :: Record ID recB52EPurLeqgXSA
2025-07-31 03:41:52 log :: - Create record recB52EPurLeqgXSA
2025-07-31 03:41:53 log :: Record ID recB8zhgSuyerYtEu
2025-07-31 03:41:53 log :: - Create record recB8zhgSuyerYtEu
2025-07-31 03:41:53 log :: Record ID recBAfyxjOe9e2CtG
2025-07-31 03:41:53 log :: - Create record recBAfyxjOe9e2CtG
2025-07-31 03:41:53 log :: Record ID recBHMXWaWR8mhFxH
2025-07-31 03:41:53 log :: - Create record recBHMXWaWR8mhFxH
2025-07-31 03:41:53 log :: Record ID recBHligQV4ygGLqw
2025-07-31 03:41:53 log :: - Create record recBHligQV4ygGLqw
2025-07-31 03:41:53 log :: Record ID recBY3fZ4TzidTBCj
2025-07-31 03:41:53 log :: - Create record recBY3fZ4TzidTBCj
2025-07-31 03:41:53 log :: Record ID recBZ00DlsBrdjPi1
2025-07-31 03:41:53 log :: - Create record recBZ00DlsBrdjPi1
2025-07-31 03:41:53 log :: Record ID recBaJrWzBPLeDJAS
2025-07-31 03:41:53 log :: - Create record recBaJrWzBPLeDJAS
2025-07-31 03:41:53 log :: Record ID recBbcFLcZ5y04WZk
2025-07-31 03:41:53 log :: - Create record recBbcFLcZ5y04WZk
2025-07-31 03:41:53 log :: Record ID recBjMKKJdukNR4fc
2025-07-31 03:41:53 log :: - Create record recBjMKKJdukNR4fc
2025-07-31 03:41:53 log :: Record ID recBkq41flqnaFECm
2025-07-31 03:41:53 log :: - Create record recBkq41flqnaFECm
2025-07-31 03:41:53 log :: Record ID recBu7CcAUmXEohwe
2025-07-31 03:41:53 log :: - Create record recBu7CcAUmXEohwe
2025-07-31 03:41:53 log :: Record ID recBzliPjJ69dCIBj
2025-07-31 03:41:54 log :: - Create record recBzliPjJ69dCIBj
2025-07-31 03:41:54 log :: Record ID recCZPa9TBNFX2MZS
2025-07-31 03:41:54 log :: - Create record recCZPa9TBNFX2MZS
2025-07-31 03:41:54 log :: Record ID recCiNyPqV8A89xpG
2025-07-31 03:41:54 log :: - Create record recCiNyPqV8A89xpG
2025-07-31 03:41:54 log :: Record ID recDD3s9mBNrc1sl8
2025-07-31 03:41:54 log :: - Create record recDD3s9mBNrc1sl8
2025-07-31 03:41:54 log :: Record ID recDWujQKFGDifgpe
2025-07-31 03:41:54 log :: - Create record recDWujQKFGDifgpe
2025-07-31 03:41:54 log :: Record ID recDakl6tbAVMPhWj
2025-07-31 03:41:54 log :: - Create record recDakl6tbAVMPhWj
2025-07-31 03:41:54 log :: Record ID recDkHLCkt7m9e0Cl
2025-07-31 03:41:54 log :: - Create record recDkHLCkt7m9e0Cl
2025-07-31 03:41:54 log :: Record ID recDsvzBbA0DSlvNv
2025-07-31 03:41:54 log :: - Create record recDsvzBbA0DSlvNv
2025-07-31 03:41:54 log :: Record ID recDsxGm8uvnw2n4I
2025-07-31 03:41:54 log :: - Create record recDsxGm8uvnw2n4I
2025-07-31 03:41:54 log :: Record ID recDwT3oZ3tvEA30S
2025-07-31 03:41:54 log :: - Create record recDwT3oZ3tvEA30S
2025-07-31 03:41:54 log :: Record ID recE14djhmk7JMoKP
2025-07-31 03:41:54 log :: - Create record recE14djhmk7JMoKP
2025-07-31 03:41:54 log :: Record ID recE1RBh3JdTWJV22
2025-07-31 03:41:54 log :: - Create record recE1RBh3JdTWJV22
2025-07-31 03:41:54 log :: Record ID recE5wzKLiX6RYMHv
2025-07-31 03:41:54 log :: - Create record recE5wzKLiX6RYMHv
2025-07-31 03:41:54 log :: Record ID recEDcjhI0DdiUb2e
2025-07-31 03:41:54 log :: - Create record recEDcjhI0DdiUb2e
2025-07-31 03:41:54 log :: Record ID recEYtSxhBbS40fOD
2025-07-31 03:41:54 log :: - Create record recEYtSxhBbS40fOD
2025-07-31 03:41:55 log :: Record ID recEc1m73Lh0QctO0
2025-07-31 03:41:55 log :: - Create record recEc1m73Lh0QctO0
2025-07-31 03:41:55 log :: Record ID recEpoogQ0zbUK2zY
2025-07-31 03:41:55 log :: - Create record recEpoogQ0zbUK2zY
2025-07-31 03:41:55 log :: Record ID recEyoflHJvpVJGI5
2025-07-31 03:41:55 log :: - Create record recEyoflHJvpVJGI5
2025-07-31 03:41:55 log :: Record ID recF8uqRJTdwSlOhn
2025-07-31 03:41:55 log :: - Create record recF8uqRJTdwSlOhn
2025-07-31 03:41:55 log :: Record ID recF9XRIjSLvW1QOX
2025-07-31 03:41:55 log :: - Create record recF9XRIjSLvW1QOX
2025-07-31 03:41:55 log :: Record ID recFGbJYtOtJf2ZO7
2025-07-31 03:41:55 log :: - Create record recFGbJYtOtJf2ZO7
2025-07-31 03:41:55 log :: Record ID recFNXwqrvnNusFjy
2025-07-31 03:41:55 log :: - Create record recFNXwqrvnNusFjy
2025-07-31 03:41:55 log :: Record ID recFYsneUSncgloo7
2025-07-31 03:41:55 log :: - Create record recFYsneUSncgloo7
2025-07-31 03:41:55 log :: Record ID recFh3HPN9JCvuwaA
2025-07-31 03:41:55 log :: - Create record recFh3HPN9JCvuwaA
2025-07-31 03:41:55 log :: Record ID recFx5x3sHlY2VPsI
2025-07-31 03:41:55 log :: - Create record recFx5x3sHlY2VPsI
2025-07-31 03:41:55 log :: Record ID recFyvpnMcwozkyQb
2025-07-31 03:41:55 log :: - Create record recFyvpnMcwozkyQb
2025-07-31 03:41:55 log :: Record ID recG4YgIHOZiyK8V1
2025-07-31 03:41:55 log :: - Create record recG4YgIHOZiyK8V1
2025-07-31 03:41:55 log :: Record ID recGHIOSdFi0ZCemG
2025-07-31 03:41:55 log :: - Create record recGHIOSdFi0ZCemG
2025-07-31 03:41:56 log :: Record ID recGVyBQ161uhvAIY
2025-07-31 03:41:56 log :: - Create record recGVyBQ161uhvAIY
2025-07-31 03:41:56 log :: Record ID recGYuSLySQcKSuMB
2025-07-31 03:41:56 log :: - Create record recGYuSLySQcKSuMB
2025-07-31 03:41:56 log :: Record ID recGdszvdOCC2qIdL
2025-07-31 03:41:56 log :: - Create record recGdszvdOCC2qIdL
2025-07-31 03:41:56 log :: Record ID recGy22oTfaNDDLeY
2025-07-31 03:41:56 log :: - Create record recGy22oTfaNDDLeY
2025-07-31 03:41:56 log :: Record ID recH0YPG5PQP6CF8S
2025-07-31 03:41:56 log :: - Create record recH0YPG5PQP6CF8S
2025-07-31 03:41:56 log :: Record ID recHDW25aDsQSKdju
2025-07-31 03:41:56 log :: - Create record recHDW25aDsQSKdju
2025-07-31 03:41:56 log :: Record ID recHJEMW7lY7hw6Ev
2025-07-31 03:41:56 log :: - Create record recHJEMW7lY7hw6Ev
2025-07-31 03:41:56 log :: Record ID recHJOZ72aLUi4iEE
2025-07-31 03:41:56 log :: - Create record recHJOZ72aLUi4iEE
2025-07-31 03:41:56 log :: Record ID recHMoS1OBImIOwJL
2025-07-31 03:41:56 log :: - Create record recHMoS1OBImIOwJL
2025-07-31 03:41:56 log :: Record ID recHYJB5hGGen77Pr
2025-07-31 03:41:56 log :: - Create record recHYJB5hGGen77Pr
2025-07-31 03:41:56 log :: Record ID recHfjmarRkg6TlBx
2025-07-31 03:41:56 log :: - Create record recHfjmarRkg6TlBx
2025-07-31 03:41:56 log :: Record ID recHiAx4u07RNhqvV
2025-07-31 03:41:56 log :: - Create record recHiAx4u07RNhqvV
2025-07-31 03:41:56 log :: Record ID recHwWEyNu4lfoz6e
2025-07-31 03:41:56 log :: - Create record recHwWEyNu4lfoz6e
2025-07-31 03:41:57 log :: Record ID recHzqlfEw9732czB
2025-07-31 03:41:57 log :: - Create record recHzqlfEw9732czB
2025-07-31 03:41:57 log :: Record ID recIIuDvBmH5aP62A
2025-07-31 03:41:57 log :: - Create record recIIuDvBmH5aP62A
2025-07-31 03:41:57 log :: Record ID recIK6ZihTo6TRbBm
2025-07-31 03:41:57 log :: - Create record recIK6ZihTo6TRbBm
2025-07-31 03:41:57 log :: Record ID recITOam3DxXT427o
2025-07-31 03:41:57 log :: - Create record recITOam3DxXT427o
2025-07-31 03:41:57 log :: Record ID recIiFuZdqDkxWRa5
2025-07-31 03:41:57 log :: - Create record recIiFuZdqDkxWRa5
2025-07-31 03:41:57 log :: Record ID recIkuReBSLIxPD6Z
2025-07-31 03:41:57 log :: - Create record recIkuReBSLIxPD6Z
2025-07-31 03:41:57 log :: Record ID recItsaaX0Ar1Ur3k
2025-07-31 03:41:57 log :: - Create record recItsaaX0Ar1Ur3k
2025-07-31 03:41:57 log :: Record ID recIwCd4o0wra1cYJ
2025-07-31 03:41:57 log :: - Create record recIwCd4o0wra1cYJ
2025-07-31 03:41:57 log :: Record ID recJD2n68pNID1qg5
2025-07-31 03:41:57 log :: - Create record recJD2n68pNID1qg5
2025-07-31 03:41:57 log :: Record ID recJlQwaMkXr5LzlA
2025-07-31 03:41:57 log :: - Create record recJlQwaMkXr5LzlA
2025-07-31 03:41:57 log :: Record ID recJxhkAwEEwq5AQF
2025-07-31 03:41:57 log :: - Create record recJxhkAwEEwq5AQF
2025-07-31 03:41:57 log :: Record ID recJzNWTdpj5cj0I8
2025-07-31 03:41:57 log :: - Create record recJzNWTdpj5cj0I8
2025-07-31 03:41:57 log :: Record ID recK7f8VsC5oKYxWH
2025-07-31 03:41:57 log :: - Create record recK7f8VsC5oKYxWH
2025-07-31 03:41:57 log :: Record ID recKHVajKlomcJTrP
2025-07-31 03:41:57 log :: - Create record recKHVajKlomcJTrP
2025-07-31 03:41:58 log :: Record ID recKWuwCBYGrzm3kn
2025-07-31 03:41:58 log :: - Create record recKWuwCBYGrzm3kn
2025-07-31 03:41:58 log :: Record ID recKXp5USvezNcLSC
2025-07-31 03:41:58 log :: - Create record recKXp5USvezNcLSC
2025-07-31 03:41:58 log :: Record ID recKaCkOiBj2d5Lmm
2025-07-31 03:41:58 log :: - Create record recKaCkOiBj2d5Lmm
2025-07-31 03:41:58 log :: Record ID recKyPTf2PsE1I4p7
2025-07-31 03:41:58 log :: - Create record recKyPTf2PsE1I4p7
2025-07-31 03:41:58 log :: Record ID recLgHG9BMQZ8imkS
2025-07-31 03:41:58 log :: - Create record recLgHG9BMQZ8imkS
2025-07-31 03:41:58 log :: Record ID recLhNVngkUq1os3F
2025-07-31 03:41:58 log :: - Create record recLhNVngkUq1os3F
2025-07-31 03:41:58 log :: Record ID recLir5ltZqLj1ToJ
2025-07-31 03:41:58 log :: - Create record recLir5ltZqLj1ToJ
2025-07-31 03:41:58 log :: Record ID recM7wmrGZN3TEDMI
2025-07-31 03:41:58 log :: - Create record recM7wmrGZN3TEDMI
2025-07-31 03:41:58 log :: Record ID recM9oGiNSTnidgME
2025-07-31 03:41:58 log :: - Create record recM9oGiNSTnidgME
2025-07-31 03:41:58 log :: Record ID recMG0hLPhmBiaUQk
2025-07-31 03:41:58 log :: - Create record recMG0hLPhmBiaUQk
2025-07-31 03:41:58 log :: Record ID recMH5rxVFZtlf4Y3
2025-07-31 03:41:58 log :: - Create record recMH5rxVFZtlf4Y3
2025-07-31 03:41:58 log :: Record ID recMKgp0lfIlodsrs
2025-07-31 03:41:58 log :: - Create record recMKgp0lfIlodsrs
2025-07-31 03:41:58 log :: Record ID recMO049gZzCNUoC1
2025-07-31 03:41:58 log :: - Create record recMO049gZzCNUoC1
2025-07-31 03:41:59 log :: Record ID recMOw0NsFVOYq0cR
2025-07-31 03:41:59 log :: - Create record recMOw0NsFVOYq0cR
2025-07-31 03:41:59 log :: Record ID recMXz86dVI4N3eJy
2025-07-31 03:41:59 log :: - Create record recMXz86dVI4N3eJy
2025-07-31 03:41:59 log :: Record ID recMa4PKxuyNF6yTa
2025-07-31 03:41:59 log :: - Create record recMa4PKxuyNF6yTa
2025-07-31 03:41:59 log :: Record ID recMe5jN0dXXQhKQj
2025-07-31 03:41:59 log :: - Create record recMe5jN0dXXQhKQj
2025-07-31 03:41:59 log :: Record ID recMoXS8loJcj7oFM
2025-07-31 03:41:59 log :: - Create record recMoXS8loJcj7oFM
2025-07-31 03:41:59 log :: Record ID recMp3QdrIfGt0zqh
2025-07-31 03:41:59 log :: - Create record recMp3QdrIfGt0zqh
2025-07-31 03:41:59 log :: Record ID recMq0DAaF5IDQXB5
2025-07-31 03:41:59 log :: - Create record recMq0DAaF5IDQXB5
2025-07-31 03:41:59 log :: Record ID recMqk4HmEdUDUdMK
2025-07-31 03:41:59 log :: - Create record recMqk4HmEdUDUdMK
2025-07-31 03:41:59 log :: Record ID recMutLQZsOhQjlJ5
2025-07-31 03:41:59 log :: - Create record recMutLQZsOhQjlJ5
2025-07-31 03:41:59 log :: Record ID recMwuXwCfsedLvNK
2025-07-31 03:41:59 log :: - Create record recMwuXwCfsedLvNK
2025-07-31 03:41:59 log :: Record ID recMy9AP7HGeAcH8s
2025-07-31 03:41:59 log :: - Create record recMy9AP7HGeAcH8s
2025-07-31 03:41:59 log :: Record ID recMyZzS1obDpEt1A
2025-07-31 03:41:59 log :: - Create record recMyZzS1obDpEt1A
2025-07-31 03:41:59 log :: Record ID recN52ryeesDnOsEZ
2025-07-31 03:41:59 log :: - Create record recN52ryeesDnOsEZ
2025-07-31 03:42:00 log :: Record ID recNRCcXQlAJeCMN6
2025-07-31 03:42:00 log :: - Create record recNRCcXQlAJeCMN6
2025-07-31 03:42:00 log :: Record ID recNZweUKJxfp22OO
2025-07-31 03:42:00 log :: - Create record recNZweUKJxfp22OO
2025-07-31 03:42:00 log :: Record ID recO8NOwWEg5XETBN
2025-07-31 03:42:00 log :: - Create record recO8NOwWEg5XETBN
2025-07-31 03:42:00 log :: Record ID recOAwdgDR0JvI8m4
2025-07-31 03:42:00 log :: - Create record recOAwdgDR0JvI8m4
2025-07-31 03:42:00 log :: Record ID recODX0n8iQzn7eJH
2025-07-31 03:42:00 log :: - Create record recODX0n8iQzn7eJH
2025-07-31 03:42:00 log :: Record ID recOH91aNx9rKaUX8
2025-07-31 03:42:00 log :: - Create record recOH91aNx9rKaUX8
2025-07-31 03:42:00 log :: Record ID recON5pRNQxW5UQQu
2025-07-31 03:42:00 log :: - Create record recON5pRNQxW5UQQu
2025-07-31 03:42:00 log :: Record ID recObFGbPSHbX3Th0
2025-07-31 03:42:00 log :: - Create record recObFGbPSHbX3Th0
2025-07-31 03:42:00 log :: Record ID recOgX4s8Ye78uKYk
2025-07-31 03:42:00 log :: - Create record recOgX4s8Ye78uKYk
2025-07-31 03:42:00 log :: Record ID recOrjl2JTUGa1Dzy
2025-07-31 03:42:00 log :: - Create record recOrjl2JTUGa1Dzy
2025-07-31 03:42:00 log :: Record ID recOsvklAA0TPx0zj
2025-07-31 03:42:00 log :: - Create record recOsvklAA0TPx0zj
2025-07-31 03:42:00 log :: Record ID recPJBu9QOtEmM80T
2025-07-31 03:42:00 log :: - Create record recPJBu9QOtEmM80T
2025-07-31 03:42:00 log :: Record ID recPUtxutPRLTC13v
2025-07-31 03:42:00 log :: - Create record recPUtxutPRLTC13v
2025-07-31 03:42:00 log :: Record ID recPhR5cEJEcwoZey
2025-07-31 03:42:00 log :: - Create record recPhR5cEJEcwoZey
2025-07-31 03:42:01 log :: Record ID recPstflZLBVpr6Vp
2025-07-31 03:42:01 log :: - Create record recPstflZLBVpr6Vp
2025-07-31 03:42:01 log :: Record ID recQ6Ynre4NGF1bTw
2025-07-31 03:42:01 log :: - Create record recQ6Ynre4NGF1bTw
2025-07-31 03:42:01 log :: Record ID recQ7Eq9t6hKIM2bi
2025-07-31 03:42:01 log :: - Create record recQ7Eq9t6hKIM2bi
2025-07-31 03:42:01 log :: Record ID recQDTLgOQQ2aI4vJ
2025-07-31 03:42:01 log :: - Create record recQDTLgOQQ2aI4vJ
2025-07-31 03:42:01 log :: Record ID recQDfo2CVXaC87rG
2025-07-31 03:42:01 log :: - Create record recQDfo2CVXaC87rG
2025-07-31 03:42:01 log :: Record ID recQIQAXzK3TFnb6h
2025-07-31 03:42:01 log :: - Create record recQIQAXzK3TFnb6h
2025-07-31 03:42:01 log :: Record ID recQNu67zbq3DuQFW
2025-07-31 03:42:01 log :: - Create record recQNu67zbq3DuQFW
2025-07-31 03:42:01 log :: Record ID recQQVkBgGAbv3pJl
2025-07-31 03:42:01 log :: - Create record recQQVkBgGAbv3pJl
2025-07-31 03:42:01 log :: Record ID recR2Jl97vjVYrAvw
2025-07-31 03:42:01 log :: - Create record recR2Jl97vjVYrAvw
2025-07-31 03:42:01 log :: Record ID recR39edv0lO2RFrX
2025-07-31 03:42:01 log :: - Create record recR39edv0lO2RFrX
2025-07-31 03:42:01 log :: Record ID recR3X0Gy3luPGok3
2025-07-31 03:42:01 log :: - Create record recR3X0Gy3luPGok3
2025-07-31 03:42:01 log :: Record ID recR3zgKcq3lpIdk4
2025-07-31 03:42:01 log :: - Create record recR3zgKcq3lpIdk4
2025-07-31 03:42:02 log :: Record ID recRFD6xN54TZaHdf
2025-07-31 03:42:02 log :: - Create record recRFD6xN54TZaHdf
2025-07-31 03:42:02 log :: Record ID recRHzGGfqqA7CCe5
2025-07-31 03:42:02 log :: - Create record recRHzGGfqqA7CCe5
2025-07-31 03:42:02 log :: Record ID recRPj2YFqYBLKgr3
2025-07-31 03:42:02 log :: - Create record recRPj2YFqYBLKgr3
2025-07-31 03:42:02 log :: Record ID recRpOqnQyblppaxt
2025-07-31 03:42:02 log :: - Create record recRpOqnQyblppaxt
2025-07-31 03:42:02 log :: Record ID recRz0bACQqDaPt2g
2025-07-31 03:42:02 log :: - Create record recRz0bACQqDaPt2g
2025-07-31 03:42:02 log :: Record ID recSB9SkKdTuoPLbG
2025-07-31 03:42:02 log :: - Create record recSB9SkKdTuoPLbG
2025-07-31 03:42:02 log :: Record ID recSJjecHtjhIQxhG
2025-07-31 03:42:02 log :: - Create record recSJjecHtjhIQxhG
2025-07-31 03:42:02 log :: Record ID recSMwQyQWBMl6Utk
2025-07-31 03:42:02 log :: - Create record recSMwQyQWBMl6Utk
2025-07-31 03:42:02 log :: Record ID recSOfhm4wFkEtlu6
2025-07-31 03:42:02 log :: - Create record recSOfhm4wFkEtlu6
2025-07-31 03:42:02 log :: Record ID recSPCDaC2Ckfz5FK
2025-07-31 03:42:02 log :: - Create record recSPCDaC2Ckfz5FK
2025-07-31 03:42:02 log :: Record ID recSfPR8SxEMsOK8f
2025-07-31 03:42:02 log :: - Create record recSfPR8SxEMsOK8f
2025-07-31 03:42:02 log :: Record ID recSqPPKTu5uUvksQ
2025-07-31 03:42:02 log :: - Create record recSqPPKTu5uUvksQ
2025-07-31 03:42:02 log :: Record ID recT6MoMgPfzFdkbV
2025-07-31 03:42:02 log :: - Create record recT6MoMgPfzFdkbV
2025-07-31 03:42:03 log :: Record ID recTB5tqPkefYOWJG
2025-07-31 03:42:03 log :: - Create record recTB5tqPkefYOWJG
2025-07-31 03:42:03 log :: Record ID recTOEgrbhnnEbiop
2025-07-31 03:42:03 log :: - Create record recTOEgrbhnnEbiop
2025-07-31 03:42:03 log :: Record ID recUDLyPzNO6JoKSG
2025-07-31 03:42:03 log :: - Create record recUDLyPzNO6JoKSG
2025-07-31 03:42:03 log :: Record ID recUSd0sjTd7bZm6n
2025-07-31 03:42:03 log :: - Create record recUSd0sjTd7bZm6n
2025-07-31 03:42:03 log :: Record ID recUWglwT8EQfgkau
2025-07-31 03:42:03 log :: - Create record recUWglwT8EQfgkau
2025-07-31 03:42:03 log :: Record ID recUgbbnl35nZ34eb
2025-07-31 03:42:03 log :: - Create record recUgbbnl35nZ34eb
2025-07-31 03:42:03 log :: Record ID recUibdDAh5CIu11x
2025-07-31 03:42:03 log :: - Create record recUibdDAh5CIu11x
2025-07-31 03:42:03 log :: Record ID recUoVGjeXPJFbbSq
2025-07-31 03:42:03 log :: - Create record recUoVGjeXPJFbbSq
2025-07-31 03:42:03 log :: Record ID recUxInEk0ZQg9pCY
2025-07-31 03:42:03 log :: - Create record recUxInEk0ZQg9pCY
2025-07-31 03:42:03 log :: Record ID recVAHi3lpI8fsXnr
2025-07-31 03:42:03 log :: - Create record recVAHi3lpI8fsXnr
2025-07-31 03:42:03 log :: Record ID recVAgnPAaAH5kPa3
2025-07-31 03:42:03 log :: - Create record recVAgnPAaAH5kPa3
2025-07-31 03:42:03 log :: Record ID recVDtSg1CbI3zYrL
2025-07-31 03:42:03 log :: - Create record recVDtSg1CbI3zYrL
2025-07-31 03:42:03 log :: Record ID recVGA6Yn9zpSEkOV
2025-07-31 03:42:03 log :: - Create record recVGA6Yn9zpSEkOV
2025-07-31 03:42:03 log :: Record ID recVNnH1ryvVS0fRh
2025-07-31 03:42:03 log :: - Create record recVNnH1ryvVS0fRh
2025-07-31 03:42:04 log :: Record ID recVhzbRjpkbEEZ8W
2025-07-31 03:42:04 log :: - Create record recVhzbRjpkbEEZ8W
2025-07-31 03:42:04 log :: Record ID recVk9EohyZSHdefQ
2025-07-31 03:42:04 log :: - Create record recVk9EohyZSHdefQ
2025-07-31 03:42:04 log :: Record ID recVlmmFZx41ajDHK
2025-07-31 03:42:04 log :: - Create record recVlmmFZx41ajDHK
2025-07-31 03:42:04 log :: Record ID recVvetMQnoVoCnoP
2025-07-31 03:42:04 log :: - Create record recVvetMQnoVoCnoP
2025-07-31 03:42:04 log :: Record ID recWRgZBCvg603PHR
2025-07-31 03:42:04 log :: - Create record recWRgZBCvg603PHR
2025-07-31 03:42:04 log :: Record ID recWZX5hN34QZbQqO
2025-07-31 03:42:04 log :: - Create record recWZX5hN34QZbQqO
2025-07-31 03:42:05 log :: Record ID recWhwmWFij7VHz71
2025-07-31 03:42:05 log :: - Create record recWhwmWFij7VHz71
2025-07-31 03:42:05 log :: Record ID recWjMr1FFhFZRhyE
2025-07-31 03:42:05 log :: - Create record recWjMr1FFhFZRhyE
2025-07-31 03:42:05 log :: Record ID recWl6zFox8e8eOvX
2025-07-31 03:42:05 log :: - Create record recWl6zFox8e8eOvX
2025-07-31 03:42:05 log :: Record ID recWpWV2QWcdlNMpJ
2025-07-31 03:42:05 log :: - Create record recWpWV2QWcdlNMpJ
2025-07-31 03:42:05 log :: Record ID recWwpPUK0iVHM0Hj
2025-07-31 03:42:05 log :: - Create record recWwpPUK0iVHM0Hj
2025-07-31 03:42:05 log :: Record ID recXHV68rVtffI7Ih
2025-07-31 03:42:05 log :: - Create record recXHV68rVtffI7Ih
2025-07-31 03:42:06 log :: Record ID recXIXpg61RwDEVs0
2025-07-31 03:42:06 log :: - Create record recXIXpg61RwDEVs0
2025-07-31 03:42:06 log :: Record ID recXKinc7vRUFq2Ws
2025-07-31 03:42:06 log :: - Create record recXKinc7vRUFq2Ws
2025-07-31 03:42:06 log :: Record ID recXTdeCEUZiEJ4pv
2025-07-31 03:42:06 log :: - Create record recXTdeCEUZiEJ4pv
2025-07-31 03:42:06 log :: Record ID recXVxU5Nam5Jwejj
2025-07-31 03:42:06 log :: - Create record recXVxU5Nam5Jwejj
2025-07-31 03:42:06 log :: Record ID recXmxm1xrYlYKe15
2025-07-31 03:42:06 log :: - Create record recXmxm1xrYlYKe15
2025-07-31 03:42:06 log :: Record ID recXtGyQo8Vz8W8UN
2025-07-31 03:42:06 log :: - Create record recXtGyQo8Vz8W8UN
2025-07-31 03:42:07 log :: Record ID recXxJ3I6sS9sNGj9
2025-07-31 03:42:07 log :: - Create record recXxJ3I6sS9sNGj9
2025-07-31 03:42:07 log :: Record ID recY98FtRzUpQCeCZ
2025-07-31 03:42:07 log :: - Create record recY98FtRzUpQCeCZ
2025-07-31 03:42:07 log :: Record ID recYH0RdXjEr0Mm3Y
2025-07-31 03:42:07 log :: - Create record recYH0RdXjEr0Mm3Y
2025-07-31 03:42:07 log :: Record ID recYHGZi8a9FbzrdM
2025-07-31 03:42:07 log :: - Create record recYHGZi8a9FbzrdM
2025-07-31 03:42:07 log :: Record ID recYJJTTJ1v41QkUo
2025-07-31 03:42:07 log :: - Create record recYJJTTJ1v41QkUo
2025-07-31 03:42:07 log :: Record ID recYLVF8cOfTqNyJG
2025-07-31 03:42:07 log :: - Create record recYLVF8cOfTqNyJG
2025-07-31 03:42:07 log :: Record ID recYRkXqi8DfV8ld6
2025-07-31 03:42:07 log :: - Create record recYRkXqi8DfV8ld6
2025-07-31 03:42:07 log :: Record ID recYTBeFC3KrdQPA0
2025-07-31 03:42:07 log :: - Create record recYTBeFC3KrdQPA0
2025-07-31 03:42:08 log :: Record ID recYmesb4uNdrlHY0
2025-07-31 03:42:08 log :: - Create record recYmesb4uNdrlHY0
2025-07-31 03:42:08 log :: Record ID recZ8tXUJP3HKrfTV
2025-07-31 03:42:08 log :: - Create record recZ8tXUJP3HKrfTV
2025-07-31 03:42:08 log :: Record ID recZPCtSBLzXZBYSt
2025-07-31 03:42:08 log :: - Create record recZPCtSBLzXZBYSt
2025-07-31 03:42:08 log :: Record ID recZSZkPHUYgd9GQu
2025-07-31 03:42:08 log :: - Create record recZSZkPHUYgd9GQu
2025-07-31 03:42:08 log :: Record ID recZTlnmDlRzKq5cR
2025-07-31 03:42:08 log :: - Create record recZTlnmDlRzKq5cR
2025-07-31 03:42:08 log :: Record ID recZW18DIqeBjDIlK
2025-07-31 03:42:08 log :: - Create record recZW18DIqeBjDIlK
2025-07-31 03:42:08 log :: Record ID recZeAYZDimcqQamF
2025-07-31 03:42:08 log :: - Create record recZeAYZDimcqQamF
2025-07-31 03:42:08 log :: Record ID recZonmNIoQNshlFx
2025-07-31 03:42:08 log :: - Create record recZonmNIoQNshlFx
2025-07-31 03:42:08 log :: Record ID recZujJyyS3REThiy
2025-07-31 03:42:08 log :: - Create record recZujJyyS3REThiy
2025-07-31 03:42:08 log :: Record ID recZxGgyznLRDLDpf
2025-07-31 03:42:08 log :: - Create record recZxGgyznLRDLDpf
2025-07-31 03:42:08 log :: Record ID reca2FH0CgumUX0Kn
2025-07-31 03:42:08 log :: - Create record reca2FH0CgumUX0Kn
2025-07-31 03:42:08 log :: Record ID reca58yiYz4REW4vu
2025-07-31 03:42:08 log :: - Create record reca58yiYz4REW4vu
2025-07-31 03:42:09 log :: Record ID reca5vxvih4WI0j2f
2025-07-31 03:42:09 log :: - Create record reca5vxvih4WI0j2f
2025-07-31 03:42:09 log :: Record ID recaCW5vwckLHnTlM
2025-07-31 03:42:09 log :: - Create record recaCW5vwckLHnTlM
2025-07-31 03:42:09 log :: Record ID recaFPnzmcjEXQfOg
2025-07-31 03:42:09 log :: - Create record recaFPnzmcjEXQfOg
2025-07-31 03:42:09 log :: Record ID recaWyakNYWqtQVqN
2025-07-31 03:42:09 log :: - Create record recaWyakNYWqtQVqN
2025-07-31 03:42:09 log :: Record ID recagu2g6KMS8H0vf
2025-07-31 03:42:09 log :: - Create record recagu2g6KMS8H0vf
2025-07-31 03:42:09 log :: Record ID recamKV7XHlBYS5Fk
2025-07-31 03:42:09 log :: - Create record recamKV7XHlBYS5Fk
2025-07-31 03:42:10 log :: Record ID recb49YS668WCJakL
2025-07-31 03:42:10 log :: - Create record recb49YS668WCJakL
2025-07-31 03:42:10 log :: Record ID recb7nJntdBvvf1hd
2025-07-31 03:42:10 log :: - Create record recb7nJntdBvvf1hd
2025-07-31 03:42:10 log :: Record ID recbGGjNb38ejOxus
2025-07-31 03:42:10 log :: - Create record recbGGjNb38ejOxus
2025-07-31 03:42:10 log :: Record ID recbHwKrTJoWPIdEU
2025-07-31 03:42:10 log :: - Create record recbHwKrTJoWPIdEU
2025-07-31 03:42:10 log :: Record ID recbKr8GmUiCQHo9R
2025-07-31 03:42:10 log :: - Create record recbKr8GmUiCQHo9R
2025-07-31 03:42:10 log :: Record ID recbMeaax89Jz3VOr
2025-07-31 03:42:10 log :: - Create record recbMeaax89Jz3VOr
2025-07-31 03:42:10 log :: Record ID recbTeuRr6N4ZOjKe
2025-07-31 03:42:10 log :: - Create record recbTeuRr6N4ZOjKe
2025-07-31 03:42:10 log :: Record ID recbU663xFx20Ct2v
2025-07-31 03:42:10 log :: - Create record recbU663xFx20Ct2v
2025-07-31 03:42:10 log :: Record ID recbbHKishoExdfpy
2025-07-31 03:42:10 log :: - Create record recbbHKishoExdfpy
2025-07-31 03:42:11 log :: Record ID recbbzSb1dkkj54hT
2025-07-31 03:42:11 log :: - Create record recbbzSb1dkkj54hT
2025-07-31 03:42:11 log :: Record ID recbcDbPgOWvSIM7U
2025-07-31 03:42:11 log :: - Create record recbcDbPgOWvSIM7U
2025-07-31 03:42:11 log :: Record ID recboDdxo9hcWABB4
2025-07-31 03:42:11 log :: - Create record recboDdxo9hcWABB4
2025-07-31 03:42:11 log :: Record ID recbtnfv9qylIhM9y
2025-07-31 03:42:11 log :: - Create record recbtnfv9qylIhM9y
2025-07-31 03:42:11 log :: Record ID reccMbSoRJnew8Xhm
2025-07-31 03:42:11 log :: - Create record reccMbSoRJnew8Xhm
2025-07-31 03:42:11 log :: Record ID reccP28NLrBdwD8q2
2025-07-31 03:42:11 log :: - Create record reccP28NLrBdwD8q2
2025-07-31 03:42:11 log :: Record ID reccXiStpK7hUQHCl
2025-07-31 03:42:11 log :: - Create record reccXiStpK7hUQHCl
2025-07-31 03:42:11 log :: Record ID reccbfFQJk5rBzIe4
2025-07-31 03:42:11 log :: - Create record reccbfFQJk5rBzIe4
2025-07-31 03:42:11 log :: Record ID recckkfSbeS2oPAdb
2025-07-31 03:42:11 log :: - Create record recckkfSbeS2oPAdb
2025-07-31 03:42:11 log :: Record ID reccrkjb9oHAS33M3
2025-07-31 03:42:11 log :: - Create record reccrkjb9oHAS33M3
2025-07-31 03:42:11 log :: Record ID reccrrLS19h8B9WQ3
2025-07-31 03:42:11 log :: - Create record reccrrLS19h8B9WQ3
2025-07-31 03:42:11 log :: Record ID recd4l9W7gNByi7Xn
2025-07-31 03:42:11 log :: - Create record recd4l9W7gNByi7Xn
2025-07-31 03:42:12 log :: Record ID recd7rVmZCImZ8wYY
2025-07-31 03:42:12 log :: - Create record recd7rVmZCImZ8wYY
2025-07-31 03:42:12 log :: Record ID recdEZObu2p9xTzWo
2025-07-31 03:42:12 log :: - Create record recdEZObu2p9xTzWo
2025-07-31 03:42:12 log :: Record ID recdbBr02xc2AmtOz
2025-07-31 03:42:12 log :: - Create record recdbBr02xc2AmtOz
2025-07-31 03:42:12 log :: Record ID recdptWRdTt2Q7VVk
2025-07-31 03:42:12 log :: - Create record recdptWRdTt2Q7VVk
2025-07-31 03:42:12 log :: Record ID recdr8RR6KA190hTa
2025-07-31 03:42:12 log :: - Create record recdr8RR6KA190hTa
2025-07-31 03:42:12 log :: Record ID receIGgqSysUznaL0
2025-07-31 03:42:12 log :: - Create record receIGgqSysUznaL0
2025-07-31 03:42:12 log :: Record ID receNzJpBAuOYNnKw
2025-07-31 03:42:12 log :: - Create record receNzJpBAuOYNnKw
2025-07-31 03:42:12 log :: Record ID recePsbuwMA3VFvPo
2025-07-31 03:42:12 log :: - Create record recePsbuwMA3VFvPo
2025-07-31 03:42:12 log :: Record ID receSLrcnvE706UsP
2025-07-31 03:42:12 log :: - Create record receSLrcnvE706UsP
2025-07-31 03:42:12 log :: Record ID receY42AyhyRJZY3y
2025-07-31 03:42:12 log :: - Create record receY42AyhyRJZY3y
2025-07-31 03:42:12 log :: Record ID recejuQmoKQ7THrfD
2025-07-31 03:42:12 log :: - Create record recejuQmoKQ7THrfD
2025-07-31 03:42:13 log :: Record ID receluEujnP6t1O0J
2025-07-31 03:42:13 log :: - Create record receluEujnP6t1O0J
2025-07-31 03:42:13 log :: Record ID recepyNaDPUcph8I8
2025-07-31 03:42:13 log :: - Create record recepyNaDPUcph8I8
2025-07-31 03:42:13 log :: Record ID recfG0lCqkUJnCdaT
2025-07-31 03:42:13 log :: - Create record recfG0lCqkUJnCdaT
2025-07-31 03:42:13 log :: Record ID recfMnPDXJOIAoqJe
2025-07-31 03:42:13 log :: - Create record recfMnPDXJOIAoqJe
2025-07-31 03:42:13 log :: Record ID recfQIIe8G7EAUrnw
2025-07-31 03:42:13 log :: - Create record recfQIIe8G7EAUrnw
2025-07-31 03:42:13 log :: Record ID recfQpzDw5GRnob7R
2025-07-31 03:42:13 log :: - Create record recfQpzDw5GRnob7R
2025-07-31 03:42:13 log :: Record ID recfR2nAZLIKjMqDr
2025-07-31 03:42:13 log :: - Create record recfR2nAZLIKjMqDr
2025-07-31 03:42:13 log :: Record ID recfTBKuwQSdy5RtD
2025-07-31 03:42:13 log :: - Create record recfTBKuwQSdy5RtD
2025-07-31 03:42:13 log :: Record ID recfdCqN1YOnRkenR
2025-07-31 03:42:13 log :: - Create record recfdCqN1YOnRkenR
2025-07-31 03:42:13 log :: Record ID recff5kTjFKDft8Rn
2025-07-31 03:42:13 log :: - Create record recff5kTjFKDft8Rn
2025-07-31 03:42:20 log :: Record ID recfkfo5bh10bmvhd
2025-07-31 03:42:20 log :: - Create record recfkfo5bh10bmvhd
2025-07-31 03:42:20 log :: Record ID recg2lVDIGrdtqsYl
2025-07-31 03:42:20 log :: - Create record recg2lVDIGrdtqsYl
2025-07-31 03:42:20 log :: Record ID recgHrMGyAasT19ej
2025-07-31 03:42:20 log :: - Create record recgHrMGyAasT19ej
2025-07-31 03:42:20 log :: Record ID recgS3HGZqA0neW1z
2025-07-31 03:42:20 log :: - Create record recgS3HGZqA0neW1z
2025-07-31 03:42:20 log :: Record ID rech5TlNHZS4aXO59
2025-07-31 03:42:20 log :: - Create record rech5TlNHZS4aXO59
2025-07-31 03:42:20 log :: Record ID rechCQe40g46EHsvM
2025-07-31 03:42:20 log :: - Create record rechCQe40g46EHsvM
2025-07-31 03:42:20 log :: Record ID rechwWpMMC2AP0JUB
2025-07-31 03:42:20 log :: - Create record rechwWpMMC2AP0JUB
2025-07-31 03:42:20 log :: Record ID reciCZmmaIYPeR75P
2025-07-31 03:42:20 log :: - Create record reciCZmmaIYPeR75P
2025-07-31 03:42:20 log :: Record ID reciG095nsLb5Y9j0
2025-07-31 03:42:20 log :: - Create record reciG095nsLb5Y9j0
2025-07-31 03:42:20 log :: Record ID reciHk181YRJZ8k1M
2025-07-31 03:42:20 log :: - Create record reciHk181YRJZ8k1M
2025-07-31 03:42:20 log :: Record ID reciVcBtCcjQ8d2Gg
2025-07-31 03:42:20 log :: - Create record reciVcBtCcjQ8d2Gg
2025-07-31 03:42:20 log :: Record ID recidHcmbUHs2gTy4
2025-07-31 03:42:20 log :: - Create record recidHcmbUHs2gTy4
2025-07-31 03:42:20 log :: Record ID recimXOeKULW2ZQHm
2025-07-31 03:42:20 log :: - Create record recimXOeKULW2ZQHm
2025-07-31 03:42:21 log :: Record ID recio1BAraxKENZGk
2025-07-31 03:42:21 log :: - Create record recio1BAraxKENZGk
2025-07-31 03:42:21 log :: Record ID recisSGgPOCyfKYyt
2025-07-31 03:42:21 log :: - Create record recisSGgPOCyfKYyt
2025-07-31 03:42:21 log :: Record ID reciuamuWBW3Tj7y6
2025-07-31 03:42:21 log :: - Create record reciuamuWBW3Tj7y6
2025-07-31 03:42:21 log :: Record ID recj8KP5BBKMwKaIU
2025-07-31 03:42:21 log :: - Create record recj8KP5BBKMwKaIU
2025-07-31 03:42:21 log :: Record ID recjCuvlyxlKWC19A
2025-07-31 03:42:21 log :: - Create record recjCuvlyxlKWC19A
2025-07-31 03:42:21 log :: Record ID recjF8bT2AACjFnWS
2025-07-31 03:42:21 log :: - Create record recjF8bT2AACjFnWS
2025-07-31 03:42:21 log :: Record ID recjGdwSkfd6gnNJg
2025-07-31 03:42:21 log :: - Create record recjGdwSkfd6gnNJg
2025-07-31 03:42:21 log :: Record ID recjRsHsxq9HfgT2n
2025-07-31 03:42:21 log :: - Create record recjRsHsxq9HfgT2n
2025-07-31 03:42:21 log :: Record ID recjbdKgo8bPTLHAO
2025-07-31 03:42:21 log :: - Create record recjbdKgo8bPTLHAO
2025-07-31 03:42:21 log :: Record ID recjc948UB4Ux2UZu
2025-07-31 03:42:21 log :: - Create record recjc948UB4Ux2UZu
2025-07-31 03:42:21 log :: Record ID reck3j9cyO5VdM5eo
2025-07-31 03:42:21 log :: - Create record reck3j9cyO5VdM5eo
2025-07-31 03:42:21 log :: Record ID reck8r5jBb51G0IJN
2025-07-31 03:42:21 log :: - Create record reck8r5jBb51G0IJN
2025-07-31 03:42:21 log :: Record ID reckEuaOSTRCtj9R8
2025-07-31 03:42:21 log :: - Create record reckEuaOSTRCtj9R8
2025-07-31 03:42:21 log :: Record ID reckF12z8AzxGZfdg
2025-07-31 03:42:21 log :: - Create record reckF12z8AzxGZfdg
2025-07-31 03:42:21 log :: Record ID reckHPMNuZhWfpL5a
2025-07-31 03:42:21 log :: - Create record reckHPMNuZhWfpL5a
2025-07-31 03:42:22 log :: Record ID reckHx8vbFt10bFQl
2025-07-31 03:42:22 log :: - Create record reckHx8vbFt10bFQl
2025-07-31 03:42:22 log :: Record ID reckJwuMJ7sfjBzos
2025-07-31 03:42:22 log :: - Create record reckJwuMJ7sfjBzos
2025-07-31 03:42:22 log :: Record ID reckiqtf9DSrTvJOU
2025-07-31 03:42:22 log :: - Create record reckiqtf9DSrTvJOU
2025-07-31 03:42:22 log :: Record ID reckvEbPoGX4DKHc6
2025-07-31 03:42:22 log :: - Create record reckvEbPoGX4DKHc6
2025-07-31 03:42:22 log :: Record ID recl1z6XyKkddzg4a
2025-07-31 03:42:22 log :: - Create record recl1z6XyKkddzg4a
2025-07-31 03:42:22 log :: Record ID recl4yvZ2Hny4BUX0
2025-07-31 03:42:22 log :: - Create record recl4yvZ2Hny4BUX0
2025-07-31 03:42:22 log :: Record ID reclULxkgJqmRkAkL
2025-07-31 03:42:22 log :: - Create record reclULxkgJqmRkAkL
2025-07-31 03:42:22 log :: Record ID reclZBzCwjijHqSXx
2025-07-31 03:42:22 log :: - Create record reclZBzCwjijHqSXx
2025-07-31 03:42:22 log :: Record ID recljZlyFas1gJqkP
2025-07-31 03:42:22 log :: - Create record recljZlyFas1gJqkP
2025-07-31 03:42:22 log :: Record ID reclzSRjD0a8A1WEH
2025-07-31 03:42:22 log :: - Create record reclzSRjD0a8A1WEH
2025-07-31 03:42:22 log :: Record ID recm4dkPRjzZTW0Rc
2025-07-31 03:42:22 log :: - Create record recm4dkPRjzZTW0Rc
2025-07-31 03:42:22 log :: Record ID recmJ4CL5OYYtzbFv
2025-07-31 03:42:22 log :: - Create record recmJ4CL5OYYtzbFv
2025-07-31 03:42:23 log :: Record ID recmKu8b5clZH1Oaa
2025-07-31 03:42:23 log :: - Create record recmKu8b5clZH1Oaa
2025-07-31 03:42:23 log :: Record ID recmMXA1xzm3fuc3w
2025-07-31 03:42:23 log :: - Create record recmMXA1xzm3fuc3w
2025-07-31 03:42:23 log :: Record ID recme9MNUdiaHBouU
2025-07-31 03:42:23 log :: - Create record recme9MNUdiaHBouU
2025-07-31 03:42:23 log :: Record ID recmnqnNWhrlI9v3H
2025-07-31 03:42:23 log :: - Create record recmnqnNWhrlI9v3H
2025-07-31 03:42:23 log :: Record ID recn5RVwCsELyW4L7
2025-07-31 03:42:23 log :: - Create record recn5RVwCsELyW4L7
2025-07-31 03:42:23 log :: Record ID recn9lgNYq327TNZb
2025-07-31 03:42:23 log :: - Create record recn9lgNYq327TNZb
2025-07-31 03:42:23 log :: Record ID recnDsNrstpOJheOn
2025-07-31 03:42:23 log :: - Create record recnDsNrstpOJheOn
2025-07-31 03:42:23 log :: Record ID recnIPUyKyX6u7w30
2025-07-31 03:42:23 log :: - Create record recnIPUyKyX6u7w30
2025-07-31 03:42:23 log :: Record ID recnLWaTzobQmIUaL
2025-07-31 03:42:23 log :: - Create record recnLWaTzobQmIUaL
2025-07-31 03:42:23 log :: Record ID recnOdemAIAk4Yfzg
2025-07-31 03:42:23 log :: - Create record recnOdemAIAk4Yfzg
2025-07-31 03:42:23 log :: Record ID recnPEBTnDfJuynDO
2025-07-31 03:42:23 log :: - Create record recnPEBTnDfJuynDO
2025-07-31 03:42:23 log :: Record ID recnYiJ31i2tfiBRH
2025-07-31 03:42:23 log :: - Create record recnYiJ31i2tfiBRH
2025-07-31 03:42:24 log :: Record ID recneIFX7ViDYpJ6p
2025-07-31 03:42:24 log :: - Create record recneIFX7ViDYpJ6p
2025-07-31 03:42:24 log :: Record ID recnewYHcwJ7r0p6A
2025-07-31 03:42:24 log :: - Create record recnewYHcwJ7r0p6A
2025-07-31 03:42:24 log :: Record ID recnofoQBh11viMRL
2025-07-31 03:42:24 log :: - Create record recnofoQBh11viMRL
2025-07-31 03:42:24 log :: Record ID reco1cYLr9KrCx8EZ
2025-07-31 03:42:24 log :: - Create record reco1cYLr9KrCx8EZ
2025-07-31 03:42:24 log :: Record ID reco2ucWaXtLXFYer
2025-07-31 03:42:24 log :: - Create record reco2ucWaXtLXFYer
2025-07-31 03:42:24 log :: Record ID reco6SLgpHUBb0o3e
2025-07-31 03:42:24 log :: - Create record reco6SLgpHUBb0o3e
2025-07-31 03:42:24 log :: Record ID recoDU1PHYHPrcIWQ
2025-07-31 03:42:24 log :: - Create record recoDU1PHYHPrcIWQ
2025-07-31 03:42:24 log :: Record ID recoTTUlpG59Fnwv3
2025-07-31 03:42:24 log :: - Create record recoTTUlpG59Fnwv3
2025-07-31 03:42:24 log :: Record ID recogn9ETWGAnZ8KH
2025-07-31 03:42:24 log :: - Create record recogn9ETWGAnZ8KH
2025-07-31 03:42:24 log :: Record ID recoru2UnqX1zKeML
2025-07-31 03:42:24 log :: - Create record recoru2UnqX1zKeML
2025-07-31 03:42:24 log :: Record ID recp7GT8pM5HiR48E
2025-07-31 03:42:24 log :: - Create record recp7GT8pM5HiR48E
2025-07-31 03:42:24 log :: Record ID recpDzW4BluDJ3QV6
2025-07-31 03:42:24 log :: - Create record recpDzW4BluDJ3QV6
2025-07-31 03:42:24 log :: Record ID recpZNHhwGEzx5h6d
2025-07-31 03:42:24 log :: - Create record recpZNHhwGEzx5h6d
2025-07-31 03:42:25 log :: Record ID recpgM9wQLK3HHefe
2025-07-31 03:42:25 log :: - Create record recpgM9wQLK3HHefe
2025-07-31 03:42:25 log :: Record ID recpiFCAc1iBMyhzS
2025-07-31 03:42:25 log :: - Create record recpiFCAc1iBMyhzS
2025-07-31 03:42:25 log :: Record ID recpkZ8EySzr3halb
2025-07-31 03:42:25 log :: - Create record recpkZ8EySzr3halb
2025-07-31 03:42:25 log :: Record ID recpuXMuSVbUDRJXq
2025-07-31 03:42:25 log :: - Create record recpuXMuSVbUDRJXq
2025-07-31 03:42:25 log :: Record ID recq2m6KuPA30Mbem
2025-07-31 03:42:25 log :: - Create record recq2m6KuPA30Mbem
2025-07-31 03:42:25 log :: Record ID recqY5AGymwBCokd6
2025-07-31 03:42:25 log :: - Create record recqY5AGymwBCokd6
2025-07-31 03:42:25 log :: Record ID recqYvHSZNEQ73FX0
2025-07-31 03:42:25 log :: - Create record recqYvHSZNEQ73FX0
2025-07-31 03:42:25 log :: Record ID recqbRSJTZF3sfLoy
2025-07-31 03:42:25 log :: - Create record recqbRSJTZF3sfLoy
2025-07-31 03:42:25 log :: Record ID recqkTNCoiUMjMuJN
2025-07-31 03:42:25 log :: - Create record recqkTNCoiUMjMuJN
2025-07-31 03:42:25 log :: Record ID recrHRqmJWSSd1QOj
2025-07-31 03:42:25 log :: - Create record recrHRqmJWSSd1QOj
2025-07-31 03:42:25 log :: Record ID recrHxosoNVwpnwRm
2025-07-31 03:42:25 log :: - Create record recrHxosoNVwpnwRm
2025-07-31 03:42:25 log :: Record ID recrJEAPo0vXbW1Hb
2025-07-31 03:42:25 log :: - Create record recrJEAPo0vXbW1Hb
2025-07-31 03:42:26 log :: Record ID recrQCVPPpjsLK28E
2025-07-31 03:42:26 log :: - Create record recrQCVPPpjsLK28E
2025-07-31 03:42:26 log :: Record ID recrU9PY3fm4EyycW
2025-07-31 03:42:26 log :: - Create record recrU9PY3fm4EyycW
2025-07-31 03:42:26 log :: Record ID recrVSXdmo71MnKbW
2025-07-31 03:42:26 log :: - Create record recrVSXdmo71MnKbW
2025-07-31 03:42:26 log :: Record ID recrZNmUNSO5eIsBP
2025-07-31 03:42:26 log :: - Create record recrZNmUNSO5eIsBP
2025-07-31 03:42:26 log :: Record ID recrcN7Jy3bMwziVe
2025-07-31 03:42:26 log :: - Create record recrcN7Jy3bMwziVe
2025-07-31 03:42:26 log :: Record ID recruVIyPrW9MTDSz
2025-07-31 03:42:26 log :: - Create record recruVIyPrW9MTDSz
2025-07-31 03:42:26 log :: Record ID recryIjZOz5SO0h1G
2025-07-31 03:42:26 log :: - Create record recryIjZOz5SO0h1G
2025-07-31 03:42:26 log :: Record ID recs0yS5PDzlAFqP1
2025-07-31 03:42:26 log :: - Create record recs0yS5PDzlAFqP1
2025-07-31 03:42:26 log :: Record ID recsDylfqq6BBuAGy
2025-07-31 03:42:26 log :: - Create record recsDylfqq6BBuAGy
2025-07-31 03:42:26 log :: Record ID recsIvsNW0TDq5xSn
2025-07-31 03:42:26 log :: - Create record recsIvsNW0TDq5xSn
2025-07-31 03:42:26 log :: Record ID recsNSxYI7KPaVd4I
2025-07-31 03:42:26 log :: - Create record recsNSxYI7KPaVd4I
2025-07-31 03:42:26 log :: Record ID recsb82SUH3aOoqeM
2025-07-31 03:42:26 log :: - Create record recsb82SUH3aOoqeM
2025-07-31 03:42:26 log :: Record ID recspgVtMCeraZtjk
2025-07-31 03:42:26 log :: - Create record recspgVtMCeraZtjk
2025-07-31 03:42:27 log :: Record ID recsplEko2xUCMW2F
2025-07-31 03:42:27 log :: - Create record recsplEko2xUCMW2F
2025-07-31 03:42:27 log :: Record ID rect10OTdML6ur4er
2025-07-31 03:42:27 log :: - Create record rect10OTdML6ur4er
2025-07-31 03:42:27 log :: Record ID rectFRqlfkGYiVvHC
2025-07-31 03:42:27 log :: - Create record rectFRqlfkGYiVvHC
2025-07-31 03:42:27 log :: Record ID rectNQU0GZX0HBA7p
2025-07-31 03:42:27 log :: - Create record rectNQU0GZX0HBA7p
2025-07-31 03:42:27 log :: Record ID rectNszZGXdTwEjt9
2025-07-31 03:42:27 log :: - Create record rectNszZGXdTwEjt9
2025-07-31 03:42:27 log :: Record ID rectTfc8I6IBEu45B
2025-07-31 03:42:27 log :: - Create record rectTfc8I6IBEu45B
2025-07-31 03:42:28 log :: Record ID rectWeNrm499atSju
2025-07-31 03:42:28 log :: - Create record rectWeNrm499atSju
2025-07-31 03:42:28 log :: Record ID recuE35OSsfYtCq0A
2025-07-31 03:42:28 log :: - Create record recuE35OSsfYtCq0A
2025-07-31 03:42:28 log :: Record ID recuT43edgOPJhjAK
2025-07-31 03:42:28 log :: - Create record recuT43edgOPJhjAK
2025-07-31 03:42:28 log :: Record ID recudafHSgjFTCVJo
2025-07-31 03:42:28 log :: - Create record recudafHSgjFTCVJo
2025-07-31 03:42:28 log :: Record ID recugE0P2xWT1ZYgM
2025-07-31 03:42:28 log :: - Create record recugE0P2xWT1ZYgM
2025-07-31 03:42:28 log :: Record ID recuraoHz3LEPbHhq
2025-07-31 03:42:28 log :: - Create record recuraoHz3LEPbHhq
2025-07-31 03:42:29 log :: Record ID recuuzzVeTNVeFPeT
2025-07-31 03:42:29 log :: - Create record recuuzzVeTNVeFPeT
2025-07-31 03:42:29 log :: Record ID recv1ToXQX3NHGi74
2025-07-31 03:42:29 log :: - Create record recv1ToXQX3NHGi74
2025-07-31 03:42:29 log :: Record ID recv283oi1pnONqal
2025-07-31 03:42:29 log :: - Create record recv283oi1pnONqal
2025-07-31 03:42:29 log :: Record ID recv3TiWmrtBnwkFr
2025-07-31 03:42:29 log :: - Create record recv3TiWmrtBnwkFr
2025-07-31 03:42:29 log :: Record ID recv7uI6ic6vZQxzz
2025-07-31 03:42:29 log :: - Create record recv7uI6ic6vZQxzz
2025-07-31 03:42:29 log :: Record ID recvCuPZ26xcrJIOT
2025-07-31 03:42:29 log :: - Create record recvCuPZ26xcrJIOT
2025-07-31 03:42:29 log :: Record ID recvUhTnYgUvFuh9m
2025-07-31 03:42:29 log :: - Create record recvUhTnYgUvFuh9m
2025-07-31 03:42:30 log :: Record ID recvYLlPAafoVjf1o
2025-07-31 03:42:30 log :: - Create record recvYLlPAafoVjf1o
2025-07-31 03:42:30 log :: Record ID recvdrRaTyMieJt8C
2025-07-31 03:42:30 log :: - Create record recvdrRaTyMieJt8C
2025-07-31 03:42:30 log :: Record ID recvez7maQAHALeBC
2025-07-31 03:42:30 log :: - Create record recvez7maQAHALeBC
2025-07-31 03:42:30 log :: Record ID recviHcunmgNy96vY
2025-07-31 03:42:30 log :: - Create record recviHcunmgNy96vY
2025-07-31 03:42:30 log :: Record ID recw2PMcy1I0t21LQ
2025-07-31 03:42:30 log :: - Create record recw2PMcy1I0t21LQ
2025-07-31 03:42:30 log :: Record ID recwLaD3lAXonuowC
2025-07-31 03:42:30 log :: - Create record recwLaD3lAXonuowC
2025-07-31 03:42:30 log :: Record ID recwOODOmDbjkqrkZ
2025-07-31 03:42:30 log :: - Create record recwOODOmDbjkqrkZ
2025-07-31 03:42:30 log :: Record ID recwShqG1jEjiIGr3
2025-07-31 03:42:30 log :: - Create record recwShqG1jEjiIGr3
2025-07-31 03:42:30 log :: Record ID recwXWCgcgp7qzMCX
2025-07-31 03:42:30 log :: - Create record recwXWCgcgp7qzMCX
2025-07-31 03:42:30 log :: Record ID recwcmYtEX5HRECbb
2025-07-31 03:42:30 log :: - Create record recwcmYtEX5HRECbb
2025-07-31 03:42:30 log :: Record ID recwizc3x5PF3cDZ4
2025-07-31 03:42:30 log :: - Create record recwizc3x5PF3cDZ4
2025-07-31 03:42:30 log :: Record ID recwmZ4fSKpd0Ob7d
2025-07-31 03:42:30 log :: - Create record recwmZ4fSKpd0Ob7d
2025-07-31 03:42:31 log :: Record ID recwujGTTHdITcqSD
2025-07-31 03:42:31 log :: - Create record recwujGTTHdITcqSD
2025-07-31 03:42:31 log :: Record ID recx1BSLQHeUeLMsw
2025-07-31 03:42:31 log :: - Create record recx1BSLQHeUeLMsw
2025-07-31 03:42:31 log :: Record ID recxMRJ1aNBTO0rYb
2025-07-31 03:42:31 log :: - Create record recxMRJ1aNBTO0rYb
2025-07-31 03:42:31 log :: Record ID recxacK257FQbkHFV
2025-07-31 03:42:31 log :: - Create record recxacK257FQbkHFV
2025-07-31 03:42:31 log :: Record ID recxnWebH5luG5VNg
2025-07-31 03:42:31 log :: - Create record recxnWebH5luG5VNg
2025-07-31 03:42:31 log :: Record ID recxpQzm4L8kjVI4E
2025-07-31 03:42:31 log :: - Create record recxpQzm4L8kjVI4E
2025-07-31 03:42:31 log :: Record ID recxv2NiVCn8Kwq6q
2025-07-31 03:42:31 log :: - Create record recxv2NiVCn8Kwq6q
2025-07-31 03:42:31 log :: Record ID recxyv8RzPaAbF3Ga
2025-07-31 03:42:31 log :: - Create record recxyv8RzPaAbF3Ga
2025-07-31 03:42:31 log :: Record ID recy2qDkmcZT9X5uH
2025-07-31 03:42:31 log :: - Create record recy2qDkmcZT9X5uH
2025-07-31 03:42:31 log :: Record ID recyAUujvO9qXpxAv
2025-07-31 03:42:31 log :: - Create record recyAUujvO9qXpxAv
2025-07-31 03:42:31 log :: Record ID recyNJ96t7LHKsoL0
2025-07-31 03:42:31 log :: - Create record recyNJ96t7LHKsoL0
2025-07-31 03:42:31 log :: Record ID recyi3lxlWjDsMHiG
2025-07-31 03:42:31 log :: - Create record recyi3lxlWjDsMHiG
2025-07-31 03:42:31 log :: Record ID recyqYtRNBcOUp9K1
2025-07-31 03:42:31 log :: - Create record recyqYtRNBcOUp9K1
2025-07-31 03:42:32 log :: Record ID recyvSsAY3WuvsjPg
2025-07-31 03:42:32 log :: - Create record recyvSsAY3WuvsjPg
2025-07-31 03:42:32 log :: Record ID recyvZFQF9GKBdOma
2025-07-31 03:42:32 log :: - Create record recyvZFQF9GKBdOma
2025-07-31 03:42:32 log :: Record ID reczDm3DyzGMLkLOa
2025-07-31 03:42:32 log :: - Create record reczDm3DyzGMLkLOa
2025-07-31 03:42:32 log :: Record ID reczQunKpCAFfVNHz
2025-07-31 03:42:32 log :: - Create record reczQunKpCAFfVNHz
2025-07-31 03:42:32 log :: Record ID reczaaQFzuvFe7f8x
2025-07-31 03:42:32 log :: - Create record reczaaQFzuvFe7f8x
2025-07-31 03:42:32 log :: Record ID reczahV9n8uHlNYy8
2025-07-31 03:42:32 log :: - Create record reczahV9n8uHlNYy8
2025-07-31 03:42:32 log :: Record ID reczs7TkbZ9OrmjWN
2025-07-31 03:42:32 log :: - Create record reczs7TkbZ9OrmjWN